2018-09-24 15:20:04,755 INFO     OurEDA     > Get the Urls success.

2018-09-24 15:20:04,755 INFO     OurEDA     > Start Spider.

2018-09-24 15:20:06,582 INFO     OurEDA     > Back url Success, Url is "http://vchart.yinyuetai.com/vchart/trends?area=ALL&page=1".

2018-09-24 15:20:06,672 INFO     OurEDA     > Get the item with name "Moonlight (潘玮柏feat.袁娅维) 英文版" Success.

2018-09-24 15:20:06,674 INFO     OurEDA     > Get the item with name "Moonlight(潘玮柏feat.袁娅维) 中文版" Success.

2018-09-24 15:20:06,675 INFO     OurEDA     > Get the item with name "倾心 官方版" Success.

2018-09-24 15:20:06,677 INFO     OurEDA     > Get the item with name "ENOUGH" Success.

2018-09-24 15:20:06,678 INFO     OurEDA     > Get the item with name "稀客 官方版" Success.

2018-09-24 15:20:06,680 INFO     OurEDA     > Get the item with name "MANGO" Success.

2018-09-24 15:20:06,681 INFO     OurEDA     > Get the item with name "Lil’Touch" Success.

2018-09-24 15:20:06,683 INFO     OurEDA     > Get the item with name "SAVE ME, SAVE YOU" Success.

2018-09-24 15:20:06,684 INFO     OurEDA     > Get the item with name "炫实 DAZZLE 官方版" Success.

2018-09-24 15:20:06,686 INFO     OurEDA     > Get the item with name "We Young" Success.

2018-09-24 15:20:06,688 INFO     OurEDA     > Get the item with name "MANGO 中文版" Success.

2018-09-24 15:20:06,689 INFO     OurEDA     > Get the item with name "倒数 剧情解锁版" Success.

2018-09-24 15:20:06,691 INFO     OurEDA     > Get the item with name "Lullaby" Success.

2018-09-24 15:20:06,692 INFO     OurEDA     > Get the item with name "亲爱的怪物 官方版" Success.

2018-09-24 15:20:06,694 INFO     OurEDA     > Get the item with name "Memoria" Success.

2018-09-24 15:20:06,696 INFO     OurEDA     > Get the item with name "Siren" Success.

2018-09-24 15:20:06,697 INFO     OurEDA     > Get the item with name "十七 官方版" Success.

2018-09-24 15:20:06,699 INFO     OurEDA     > Get the item with name "倒数 官方版" Success.

2018-09-24 15:20:06,700 INFO     OurEDA     > Get the item with name "YOUNG" Success.

2018-09-24 15:20:06,702 INFO     OurEDA     > Get the item with name "IDOL" Success.

2018-09-24 15:20:07,950 INFO     OurEDA     > Back url Success, Url is "http://vchart.yinyuetai.com/vchart/trends?area=ALL&page=2".

2018-09-24 15:20:08,043 INFO     OurEDA     > Get the item with name "花期 官方版" Success.

2018-09-24 15:20:08,044 INFO     OurEDA     > Get the item with name "White Noise" Success.

2018-09-24 15:20:08,046 INFO     OurEDA     > Get the item with name "过去 电影《江湖儿女》角色主题曲" Success.

2018-09-24 15:20:08,047 INFO     OurEDA     > Get the item with name "Lucky You" Success.

2018-09-24 15:20:08,049 INFO     OurEDA     > Get the item with name "撞 官方版" Success.

2018-09-24 15:20:08,050 INFO     OurEDA     > Get the item with name "I mean" Success.

2018-09-24 15:20:08,052 INFO     OurEDA     > Get the item with name "Between You and Me" Success.

2018-09-24 15:20:08,053 INFO     OurEDA     > Get the item with name "Fall" Success.

2018-09-24 15:20:08,055 INFO     OurEDA     > Get the item with name "在一起 电影《古剑奇谭之流月昭明》主题曲" Success.

2018-09-24 15:20:08,056 INFO     OurEDA     > Get the item with name "What" Success.

2018-09-24 15:20:08,058 INFO     OurEDA     > Get the item with name "Power Up 舞蹈版" Success.

2018-09-24 15:20:08,060 INFO     OurEDA     > Get the item with name "生生不息 电视剧《凉生,我们可不可以不忧伤》片尾曲" Success.

2018-09-24 15:20:08,062 INFO     OurEDA     > Get the item with name "All For You" Success.

2018-09-24 15:20:08,064 INFO     OurEDA     > Get the item with name "Countless" Success.

2018-09-24 15:20:08,065 INFO     OurEDA     > Get the item with name "烟花" Success.

2018-09-24 15:20:08,067 INFO     OurEDA     > Get the item with name "借  官方版" Success.

2018-09-24 15:20:08,068 INFO     OurEDA     > Get the item with name "年少有为 官方版" Success.

2018-09-24 15:20:08,070 INFO     OurEDA     > Get the item with name "Power Up" Success.

2018-09-24 15:20:08,072 INFO     OurEDA     > Get the item with name "Bedtime Story" Success.

2018-09-24 15:20:08,073 INFO     OurEDA     > Get the item with name "消失的爱人 官方版" Success.

2018-09-24 15:20:09,290 INFO     OurEDA     > Back url Success, Url is "http://vchart.yinyuetai.com/vchart/trends?area=ALL&page=3".

2018-09-24 15:20:09,353 INFO     OurEDA     > Get the item with name "We Go Up" Success.

2018-09-24 15:20:09,355 INFO     OurEDA     > Get the item with name "IDOL (Feat. Nicki Minaj)" Success.

2018-09-24 15:20:09,357 INFO     OurEDA     > Get the item with name "鲨影 电影《巨齿鲨》中国宣传曲" Success.

2018-09-24 15:20:09,358 INFO     OurEDA     > Get the item with name "Electricity" Success.

2018-09-24 15:20:09,360 INFO     OurEDA     > Get the item with name "你会不会 官方版" Success.

2018-09-24 15:20:09,361 INFO     OurEDA     > Get the item with name "WooWoo" Success.

2018-09-24 15:20:09,363 INFO     OurEDA     > Get the item with name "就酱 官方版" Success.

2018-09-24 15:20:09,365 INFO     OurEDA     > Get the item with name "BAE" Success.

2018-09-24 15:20:09,366 INFO     OurEDA     > Get the item with name "如果写不出好的和弦就该在洒满阳光的钢琴前一起吃布丁 官方版" Success.

2018-09-24 15:20:09,368 INFO     OurEDA     > Get the item with name "自己的房间 官方版" Success.

2018-09-24 15:20:09,368 INFO     OurEDA     > Start Pipelines.

2018-09-24 15:20:09,368 INFO     OurEDA     > Save "Moonlight (潘玮柏feat.袁娅维) 英文版" in to file Success.

2018-09-24 15:20:09,368 INFO     OurEDA     > Save "Moonlight(潘玮柏feat.袁娅维) 中文版" in to file Success.

2018-09-24 15:20:09,368 INFO     OurEDA     > Save "倾心 官方版" in to file Success.

2018-09-24 15:20:09,369 INFO     OurEDA     > Save "ENOUGH" in to file Success.

2018-09-24 15:20:09,369 INFO     OurEDA     > Save "稀客 官方版" in to file Success.

2018-09-24 15:20:09,369 INFO     OurEDA     > Save "MANGO" in to file Success.

2018-09-24 15:20:09,369 INFO     OurEDA     > Save "Lil’Touch" in to file Success.

2018-09-24 15:20:09,369 INFO     OurEDA     > Save "SAVE ME, SAVE YOU" in to file Success.

2018-09-24 15:20:09,369 INFO     OurEDA     > Save "炫实 DAZZLE 官方版" in to file Success.

2018-09-24 15:20:09,370 INFO     OurEDA     > Save "We Young" in to file Success.

2018-09-24 15:20:09,370 INFO     OurEDA     > Save "MANGO 中文版" in to file Success.

2018-09-24 15:20:09,370 INFO     OurEDA     > Save "倒数 剧情解锁版" in to file Success.

2018-09-24 15:20:09,370 INFO     OurEDA     > Save "Lullaby" in to file Success.

2018-09-24 15:20:09,370 INFO     OurEDA     > Save "亲爱的怪物 官方版" in to file Success.

2018-09-24 15:20:09,370 INFO     OurEDA     > Save "Memoria" in to file Success.

2018-09-24 15:20:09,370 INFO     OurEDA     > Save "Siren" in to file Success.

2018-09-24 15:20:09,371 INFO     OurEDA     > Save "十七 官方版" in to file Success.

2018-09-24 15:20:09,371 INFO     OurEDA     > Save "倒数 官方版" in to file Success.

2018-09-24 15:20:09,371 INFO     OurEDA     > Save "YOUNG" in to file Success.

2018-09-24 15:20:09,371 INFO     OurEDA     > Save "IDOL" in to file Success.

2018-09-24 15:20:09,371 INFO     OurEDA     > Save "花期 官方版" in to file Success.

2018-09-24 15:20:09,371 INFO     OurEDA     > Save "White Noise" in to file Success.

2018-09-24 15:20:09,372 INFO     OurEDA     > Save "过去 电影《江湖儿女》角色主题曲" in to file Success.

2018-09-24 15:20:09,372 INFO     OurEDA     > Save "Lucky You" in to file Success.

2018-09-24 15:20:09,372 INFO     OurEDA     > Save "撞 官方版" in to file Success.

2018-09-24 15:20:09,372 INFO     OurEDA     > Save "I mean" in to file Success.

2018-09-24 15:20:09,372 INFO     OurEDA     > Save "Between You and Me" in to file Success.

2018-09-24 15:20:09,372 INFO     OurEDA     > Save "Fall" in to file Success.

2018-09-24 15:20:09,373 INFO     OurEDA     > Save "在一起 电影《古剑奇谭之流月昭明》主题曲" in to file Success.

2018-09-24 15:20:09,373 INFO     OurEDA     > Save "What" in to file Success.

2018-09-24 15:20:09,373 INFO     OurEDA     > Save "Power Up 舞蹈版" in to file Success.

2018-09-24 15:20:09,373 INFO     OurEDA     > Save "生生不息 电视剧《凉生,我们可不可以不忧伤》片尾曲" in to file Success.

2018-09-24 15:20:09,373 INFO     OurEDA     > Save "All For You" in to file Success.

2018-09-24 15:20:09,373 INFO     OurEDA     > Save "Countless" in to file Success.

2018-09-24 15:20:09,373 INFO     OurEDA     > Save "烟花" in to file Success.

2018-09-24 15:20:09,374 INFO     OurEDA     > Save "借  官方版" in to file Success.

2018-09-24 15:20:09,374 INFO     OurEDA     > Save "年少有为 官方版" in to file Success.

2018-09-24 15:20:09,374 INFO     OurEDA     > Save "Power Up" in to file Success.

2018-09-24 15:20:09,374 INFO     OurEDA     > Save "Bedtime Story" in to file Success.

2018-09-24 15:20:09,374 INFO     OurEDA     > Save "消失的爱人 官方版" in to file Success.

2018-09-24 15:20:09,374 INFO     OurEDA     > Save "We Go Up" in to file Success.

2018-09-24 15:20:09,374 INFO     OurEDA     > Save "IDOL (Feat. Nicki Minaj)" in to file Success.

2018-09-24 15:20:09,375 INFO     OurEDA     > Save "鲨影 电影《巨齿鲨》中国宣传曲" in to file Success.

2018-09-24 15:20:09,375 INFO     OurEDA     > Save "Electricity" in to file Success.

2018-09-24 15:20:09,375 INFO     OurEDA     > Save "你会不会 官方版" in to file Success.

2018-09-24 15:20:09,375 INFO     OurEDA     > Save "WooWoo" in to file Success.

2018-09-24 15:20:09,375 INFO     OurEDA     > Save "就酱 官方版" in to file Success.

2018-09-24 15:20:09,375 INFO     OurEDA     > Save "BAE" in to file Success.

2018-09-24 15:20:09,376 INFO     OurEDA     > Save "如果写不出好的和弦就该在洒满阳光的钢琴前一起吃布丁 官方版" in to file Success.

2018-09-24 15:20:09,376 INFO     OurEDA     > Save "自己的房间 官方版" in to file Success.

