2018-09-24 14:36:31,952 INFO     OurEDA     > Get the Urls success.

2018-09-24 14:36:31,953 INFO     OurEDA     > Start Spider.

2018-09-24 14:36:35,891 INFO     OurEDA     > Back url Success, Url is "http://dianying.2345.com/list/----2018---1.html".

2018-09-24 14:36:38,405 INFO     OurEDA     > Get the item with title "欧洲攻略" Success.

2018-09-24 14:36:38,406 INFO     OurEDA     > Get the item with title "爱情公寓" Success.

2018-09-24 14:36:38,407 INFO     OurEDA     > Get the item with title "狄仁杰之四大天王" Success.

2018-09-24 14:36:38,407 INFO     OurEDA     > Get the item with title "英雄本色2018" Success.

2018-09-24 14:36:38,408 INFO     OurEDA     > Get the item with title "风语咒" Success.

2018-09-24 14:36:38,409 INFO     OurEDA     > Get the item with title "狂暴巨兽" Success.

2018-09-24 14:36:38,410 INFO     OurEDA     > Get the item with title "猛虫过江" Success.

2018-09-24 14:36:38,411 INFO     OurEDA     > Get the item with title "西虹市首富" Success.

2018-09-24 14:36:38,412 INFO     OurEDA     > Get the item with title "红海行动" Success.

2018-09-24 14:36:38,413 INFO     OurEDA     > Get the item with title "灵魂摆渡黄泉" Success.

2018-09-24 14:36:38,414 INFO     OurEDA     > Get the item with title "解码游戏" Success.

2018-09-24 14:36:38,414 INFO     OurEDA     > Get the item with title "的士速递5" Success.

2018-09-24 14:36:38,416 INFO     OurEDA     > Get the item with title "金蝉脱壳2:冥府" Success.

2018-09-24 14:36:38,417 INFO     OurEDA     > Get the item with title "桃花劫" Success.

2018-09-24 14:36:38,418 INFO     OurEDA     > Get the item with title "玩偶特工" Success.

2018-09-24 14:36:38,419 INFO     OurEDA     > Get the item with title "幸福马上来" Success.

2018-09-24 14:36:38,420 INFO     OurEDA     > Get the item with title "绝色霸王花" Success.

2018-09-24 14:36:38,421 INFO     OurEDA     > Get the item with title "失控记忆" Success.

2018-09-24 14:36:38,422 INFO     OurEDA     > Get the item with title "寂静之地" Success.

2018-09-24 14:36:38,422 INFO     OurEDA     > Get the item with title "熊出没·变形记" Success.

2018-09-24 14:36:38,423 INFO     OurEDA     > Get the item with title "男狐聊斋2兰若寺" Success.

2018-09-24 14:36:38,424 INFO     OurEDA     > Get the item with title "巨齿鲨" Success.

2018-09-24 14:36:38,425 INFO     OurEDA     > Get the item with title "小悟空" Success.

2018-09-24 14:36:38,426 INFO     OurEDA     > Get the item with title "龙虾刑警" Success.

2018-09-24 14:36:38,427 INFO     OurEDA     > Get the item with title "谜巢" Success.

2018-09-24 14:36:38,428 INFO     OurEDA     > Get the item with title "反贪风暴3" Success.

2018-09-24 14:36:38,429 INFO     OurEDA     > Get the item with title "昼颜" Success.

2018-09-24 14:36:38,430 INFO     OurEDA     > Get the item with title "玩世英雄" Success.

2018-09-24 14:36:38,430 INFO     OurEDA     > Get the item with title "火线佣兵" Success.

2018-09-24 14:36:38,431 INFO     OurEDA     > Get the item with title "唐人街探案2" Success.

2018-09-24 14:36:38,432 INFO     OurEDA     > Get the item with title "冰雪女王3:火与冰" Success.

2018-09-24 14:36:38,433 INFO     OurEDA     > Get the item with title "复仇者联盟3：无限战…" Success.

2018-09-24 14:36:38,434 INFO     OurEDA     > Get the item with title "魔国志I之黄巾之乱" Success.

2018-09-24 14:36:38,435 INFO     OurEDA     > Get the item with title "捉妖记2" Success.

2018-09-24 14:36:38,436 INFO     OurEDA     > Get the item with title "碟中谍6:全面瓦解" Success.

2018-09-24 14:36:40,065 INFO     OurEDA     > Back url Success, Url is "http://dianying.2345.com/list/----2018---2.html".

2018-09-24 14:36:42,508 INFO     OurEDA     > Get the item with title "阿尔法:狼伴归途" Success.

2018-09-24 14:36:42,509 INFO     OurEDA     > Get the item with title "战神纪" Success.

2018-09-24 14:36:42,510 INFO     OurEDA     > Get the item with title "济公之神龙再现" Success.

2018-09-24 14:36:42,511 INFO     OurEDA     > Get the item with title "一出好戏" Success.

2018-09-24 14:36:42,511 INFO     OurEDA     > Get the item with title "佣兵战争2" Success.

2018-09-24 14:36:42,512 INFO     OurEDA     > Get the item with title "厨霸江湖" Success.

2018-09-24 14:36:42,513 INFO     OurEDA     > Get the item with title "低压槽:欲望之城" Success.

2018-09-24 14:36:42,514 INFO     OurEDA     > Get the item with title "幕后玩家" Success.

2018-09-24 14:36:42,515 INFO     OurEDA     > Get the item with title "吻隐者" Success.

2018-09-24 14:36:42,516 INFO     OurEDA     > Get the item with title "勇敢者游戏:决战丛林" Success.

2018-09-24 14:36:42,517 INFO     OurEDA     > Get the item with title "超时空同居" Success.

2018-09-24 14:36:42,518 INFO     OurEDA     > Get the item with title "杨戬传" Success.

2018-09-24 14:36:42,519 INFO     OurEDA     > Get the item with title "御姐娇妻" Success.

2018-09-24 14:36:42,519 INFO     OurEDA     > Get the item with title "江湖学院" Success.

2018-09-24 14:36:42,520 INFO     OurEDA     > Get the item with title "金装少年唐伯虎" Success.

2018-09-24 14:36:42,521 INFO     OurEDA     > Get the item with title "白夜侠" Success.

2018-09-24 14:36:42,522 INFO     OurEDA     > Get the item with title "李宗伟:败者为王" Success.

2018-09-24 14:36:42,523 INFO     OurEDA     > Get the item with title "捉妖师" Success.

2018-09-24 14:36:42,524 INFO     OurEDA     > Get the item with title "鬼子也疯狂" Success.

2018-09-24 14:36:42,524 INFO     OurEDA     > Get the item with title "西游记女儿国" Success.

2018-09-24 14:36:42,526 INFO     OurEDA     > Get the item with title "镰仓物语" Success.

2018-09-24 14:36:42,526 INFO     OurEDA     > Get the item with title "祖宗十九代" Success.

2018-09-24 14:36:42,528 INFO     OurEDA     > Get the item with title "后来的我们" Success.

2018-09-24 14:36:42,528 INFO     OurEDA     > Get the item with title "念念手纪" Success.

2018-09-24 14:36:42,529 INFO     OurEDA     > Get the item with title "修罗狱之彼岸花" Success.

2018-09-24 14:36:42,530 INFO     OurEDA     > Get the item with title "佣兵特战队" Success.

2018-09-24 14:36:42,531 INFO     OurEDA     > Get the item with title "捉妖大仙" Success.

2018-09-24 14:36:42,532 INFO     OurEDA     > Get the item with title "我不是药神" Success.

2018-09-24 14:36:42,533 INFO     OurEDA     > Get the item with title "厉害了，我的国" Success.

2018-09-24 14:36:42,533 INFO     OurEDA     > Get the item with title "狄仁杰之轮回图" Success.

2018-09-24 14:36:42,534 INFO     OurEDA     > Get the item with title "八戒降魔" Success.

2018-09-24 14:36:42,535 INFO     OurEDA     > Get the item with title "神魔觉醒" Success.

2018-09-24 14:36:42,536 INFO     OurEDA     > Get the item with title "白骨夫人大战狼妖" Success.

2018-09-24 14:36:42,537 INFO     OurEDA     > Get the item with title "蚁人2:黄蜂女现身" Success.

2018-09-24 14:36:42,538 INFO     OurEDA     > Get the item with title "大师兄" Success.

2018-09-24 14:36:42,809 INFO     OurEDA     > Back url Success, Url is "http://dianying.2345.com/list/----2018---3.html".

2018-09-24 14:36:43,948 INFO     OurEDA     > Get the item with title "特工总裁小辣妹" Success.

2018-09-24 14:36:43,949 INFO     OurEDA     > Get the item with title "极速舰艇" Success.

2018-09-24 14:36:43,950 INFO     OurEDA     > Get the item with title "新乌龙院之笑闹江湖" Success.

2018-09-24 14:36:43,951 INFO     OurEDA     > Get the item with title "致命还击" Success.

2018-09-24 14:36:43,952 INFO     OurEDA     > Get the item with title "你是我兄弟巅峰决战" Success.

2018-09-24 14:36:43,953 INFO     OurEDA     > Get the item with title "精灵旅社3:疯狂假期" Success.

2018-09-24 14:36:43,954 INFO     OurEDA     > Get the item with title "最后一球" Success.

2018-09-24 14:36:43,954 INFO     OurEDA     > Get the item with title "荒岛求生" Success.

2018-09-24 14:36:43,955 INFO     OurEDA     > Get the item with title "深海越狱" Success.

2018-09-24 14:36:43,956 INFO     OurEDA     > Get the item with title "夺命别墅" Success.

2018-09-24 14:36:43,957 INFO     OurEDA     > Get the item with title "大轰炸" Success.

2018-09-24 14:36:43,958 INFO     OurEDA     > Get the item with title "新白蛇传之法海" Success.

2018-09-24 14:36:43,959 INFO     OurEDA     > Get the item with title "龙门驿站之嚎月" Success.

2018-09-24 14:36:43,960 INFO     OurEDA     > Get the item with title "邪不压正" Success.

2018-09-24 14:36:43,961 INFO     OurEDA     > Get the item with title "古墓丽影:源起之战" Success.

2018-09-24 14:36:43,961 INFO     OurEDA     > Get the item with title "白衣校花与大长腿之…" Success.

2018-09-24 14:36:43,962 INFO     OurEDA     > Get the item with title "千术3决战澳门" Success.

2018-09-24 14:36:43,963 INFO     OurEDA     > Get the item with title "走神拳王" Success.

2018-09-24 14:36:43,964 INFO     OurEDA     > Get the item with title "法海你不懂爱" Success.

2018-09-24 14:36:43,965 INFO     OurEDA     > Get the item with title "巴霍巴利王2：终结" Success.

2018-09-24 14:36:43,966 INFO     OurEDA     > Get the item with title "狂战" Success.

2018-09-24 14:36:43,967 INFO     OurEDA     > Get the item with title "侏罗纪世界2" Success.

2018-09-24 14:36:43,968 INFO     OurEDA     > Get the item with title "上古仙女秘闻" Success.

2018-09-24 14:36:43,969 INFO     OurEDA     > Get the item with title "妖凤云城" Success.

2018-09-24 14:36:43,970 INFO     OurEDA     > Get the item with title "江湖儿女" Success.

2018-09-24 14:36:43,970 INFO     OurEDA     > Get the item with title "爵迹2" Success.

2018-09-24 14:36:43,971 INFO     OurEDA     > Get the item with title "泄密者" Success.

2018-09-24 14:36:43,972 INFO     OurEDA     > Get the item with title "龙门驿站之生死阁" Success.

2018-09-24 14:36:43,973 INFO     OurEDA     > Get the item with title "疯狂的快递" Success.

2018-09-24 14:36:43,974 INFO     OurEDA     > Get the item with title "无问西东" Success.

2018-09-24 14:36:43,975 INFO     OurEDA     > Get the item with title "阿修罗" Success.

2018-09-24 14:36:43,975 INFO     OurEDA     > Get the item with title "天启第一章" Success.

2018-09-24 14:36:43,976 INFO     OurEDA     > Get the item with title "香港大营救" Success.

2018-09-24 14:36:43,977 INFO     OurEDA     > Get the item with title "谜巢 普通话版" Success.

2018-09-24 14:36:43,978 INFO     OurEDA     > Get the item with title "铁血江湖之决不饶恕" Success.

2018-09-24 14:36:44,678 INFO     OurEDA     > Back url Success, Url is "http://dianying.2345.com/list/----2018---4.html".

2018-09-24 14:36:45,021 INFO     OurEDA     > Get the item with title "悲伤逆流成河" Success.

2018-09-24 14:36:45,022 INFO     OurEDA     > Get the item with title "机甲美人" Success.

2018-09-24 14:36:45,023 INFO     OurEDA     > Get the item with title "热血跨男" Success.

2018-09-24 14:36:45,024 INFO     OurEDA     > Get the item with title "摩天营救" Success.

2018-09-24 14:36:45,024 INFO     OurEDA     > Get the item with title "捷德奥特曼剧场版:连…" Success.

2018-09-24 14:36:45,025 INFO     OurEDA     > Get the item with title "头号玩家" Success.

2018-09-24 14:36:45,026 INFO     OurEDA     > Get the item with title "黄飞鸿之南北英雄" Success.

2018-09-24 14:36:45,027 INFO     OurEDA     > Get the item with title "黑豹" Success.

2018-09-24 14:36:45,028 INFO     OurEDA     > Get the item with title "铁血飞虎" Success.

2018-09-24 14:36:45,029 INFO     OurEDA     > Get the item with title "师公降魔" Success.

2018-09-24 14:36:45,030 INFO     OurEDA     > Get the item with title "妈妈咪鸭" Success.

2018-09-24 14:36:45,030 INFO     OurEDA     > Get the item with title "有一种青春叫高考" Success.

2018-09-24 14:36:45,031 INFO     OurEDA     > Get the item with title "豪门情仇" Success.

2018-09-24 14:36:45,032 INFO     OurEDA     > Get the item with title "小偷家族" Success.

2018-09-24 14:36:45,033 INFO     OurEDA     > Get the item with title "21克拉" Success.

2018-09-24 14:36:45,034 INFO     OurEDA     > Get the item with title "金龟子" Success.

2018-09-24 14:36:45,035 INFO     OurEDA     > Get the item with title "铃魔传" Success.

2018-09-24 14:36:45,036 INFO     OurEDA     > Get the item with title "超级大山炮之海岛奇…" Success.

2018-09-24 14:36:45,036 INFO     OurEDA     > Get the item with title "快递侠" Success.

2018-09-24 14:36:45,037 INFO     OurEDA     > Get the item with title "方世玉" Success.

2018-09-24 14:36:45,038 INFO     OurEDA     > Get the item with title "别了江湖之亡命仙女…" Success.

2018-09-24 14:36:45,039 INFO     OurEDA     > Get the item with title "武当山之天履奇缘" Success.

2018-09-24 14:36:45,040 INFO     OurEDA     > Get the item with title "东北雷神之误归原主" Success.

2018-09-24 14:36:45,040 INFO     OurEDA     > Get the item with title "济公之英雄归位" Success.

2018-09-24 14:36:45,041 INFO     OurEDA     > Get the item with title "复仇诡影" Success.

2018-09-24 14:36:45,042 INFO     OurEDA     > Get the item with title "歧途英雄" Success.

2018-09-24 14:36:45,043 INFO     OurEDA     > Get the item with title "功夫道长" Success.

2018-09-24 14:36:45,044 INFO     OurEDA     > Get the item with title "影" Success.

2018-09-24 14:36:45,045 INFO     OurEDA     > Get the item with title "古剑奇谭之流月昭明" Success.

2018-09-24 14:36:45,045 INFO     OurEDA     > Get the item with title "虎胆追凶" Success.

2018-09-24 14:36:45,046 INFO     OurEDA     > Get the item with title "时空终点" Success.

2018-09-24 14:36:45,047 INFO     OurEDA     > Get the item with title "黑天使的坠落" Success.

2018-09-24 14:36:45,048 INFO     OurEDA     > Get the item with title "暹罗决:九神战甲" Success.

2018-09-24 14:36:45,049 INFO     OurEDA     > Get the item with title "白门五甲" Success.

2018-09-24 14:36:45,050 INFO     OurEDA     > Get the item with title "环太平洋2：雷霆再起" Success.

2018-09-24 14:36:45,276 INFO     OurEDA     > Back url Success, Url is "http://dianying.2345.com/list/----2018---5.html".

2018-09-24 14:36:45,756 INFO     OurEDA     > Get the item with title "深海狂鲨2" Success.

2018-09-24 14:36:45,757 INFO     OurEDA     > Get the item with title "囧炮之假面诡局" Success.

2018-09-24 14:36:45,758 INFO     OurEDA     > Get the item with title "哆啦A梦：大雄的金银…" Success.

2018-09-24 14:36:45,759 INFO     OurEDA     > Get the item with title "荒岛重生" Success.

2018-09-24 14:36:45,760 INFO     OurEDA     > Get the item with title "李茶的姑妈" Success.

2018-09-24 14:36:45,761 INFO     OurEDA     > Get the item with title "西北风云" Success.

2018-09-24 14:36:45,761 INFO     OurEDA     > Get the item with title "潮州帮" Success.

2018-09-24 14:36:45,762 INFO     OurEDA     > Get the item with title "古玩大亨" Success.

2018-09-24 14:36:45,763 INFO     OurEDA     > Get the item with title "沙海番外之画媒" Success.

2018-09-24 14:36:45,764 INFO     OurEDA     > Get the item with title "神秘巨星" Success.

2018-09-24 14:36:45,765 INFO     OurEDA     > Get the item with title "天罚2" Success.

2018-09-24 14:36:45,766 INFO     OurEDA     > Get the item with title "血祭" Success.

2018-09-24 14:36:45,767 INFO     OurEDA     > Get the item with title "脱皮爸爸" Success.

2018-09-24 14:36:45,768 INFO     OurEDA     > Get the item with title "我要当村长" Success.

2018-09-24 14:36:45,769 INFO     OurEDA     > Get the item with title "废柴保镖" Success.

2018-09-24 14:36:45,770 INFO     OurEDA     > Get the item with title "湮灭" Success.

2018-09-24 14:36:45,771 INFO     OurEDA     > Get the item with title "混混英雄" Success.

2018-09-24 14:36:45,772 INFO     OurEDA     > Get the item with title "龙门驿站之狼武士" Success.

2018-09-24 14:36:45,773 INFO     OurEDA     > Get the item with title "恐怖浴室" Success.

2018-09-24 14:36:45,773 INFO     OurEDA     > Get the item with title "一代妖狐" Success.

2018-09-24 14:36:45,774 INFO     OurEDA     > Get the item with title "我被青春闪了腰" Success.

2018-09-24 14:36:45,775 INFO     OurEDA     > Get the item with title "天罚" Success.

2018-09-24 14:36:45,776 INFO     OurEDA     > Get the item with title "中国警花" Success.

2018-09-24 14:36:45,777 INFO     OurEDA     > Get the item with title "人工少女" Success.

2018-09-24 14:36:45,778 INFO     OurEDA     > Get the item with title "小萝莉的猴神大叔" Success.

2018-09-24 14:36:45,778 INFO     OurEDA     > Get the item with title "古惑青春" Success.

2018-09-24 14:36:45,779 INFO     OurEDA     > Get the item with title "金三角大营救" Success.

2018-09-24 14:36:45,780 INFO     OurEDA     > Get the item with title "新白蛇传之青蛇" Success.

2018-09-24 14:36:45,781 INFO     OurEDA     > Get the item with title "起跑线" Success.

2018-09-24 14:36:45,782 INFO     OurEDA     > Get the item with title "一个人的冬天" Success.

2018-09-24 14:36:45,783 INFO     OurEDA     > Get the item with title "龙门驿站之秋娘泪" Success.

2018-09-24 14:36:45,784 INFO     OurEDA     > Get the item with title "找到你" Success.

2018-09-24 14:36:45,785 INFO     OurEDA     > Get the item with title "环太平洋:雷霆再起" Success.

2018-09-24 14:36:45,785 INFO     OurEDA     > Get the item with title "网红大事件" Success.

2018-09-24 14:36:45,786 INFO     OurEDA     > Get the item with title "忌日快乐" Success.

2018-09-24 14:36:46,244 INFO     OurEDA     > Back url Success, Url is "http://dianying.2345.com/list/----2018---6.html".

2018-09-24 14:36:48,538 INFO     OurEDA     > Get the item with title "怨灵岛之决不饶恕" Success.

2018-09-24 14:36:48,539 INFO     OurEDA     > Get the item with title "24小时:末路重生" Success.

2018-09-24 14:36:48,540 INFO     OurEDA     > Get the item with title "我的野兽男友" Success.

2018-09-24 14:36:48,541 INFO     OurEDA     > Get the item with title "特工小萌妻" Success.

2018-09-24 14:36:48,542 INFO     OurEDA     > Get the item with title "午夜十二点" Success.

2018-09-24 14:36:48,543 INFO     OurEDA     > Get the item with title "三傻血战江湖" Success.

2018-09-24 14:36:48,543 INFO     OurEDA     > Get the item with title "我的邻居是美女" Success.

2018-09-24 14:36:48,544 INFO     OurEDA     > Get the item with title "超人总动员2" Success.

2018-09-24 14:36:48,545 INFO     OurEDA     > Get the item with title "御龙修仙传" Success.

2018-09-24 14:36:48,546 INFO     OurEDA     > Get the item with title "杀手公司2018" Success.

2018-09-24 14:36:48,547 INFO     OurEDA     > Get the item with title "小鬼丛林冒险记" Success.

2018-09-24 14:36:48,548 INFO     OurEDA     > Get the item with title "新白蛇传之九尾狐" Success.

2018-09-24 14:36:48,549 INFO     OurEDA     > Get the item with title "高冷姐姐霸王少" Success.

2018-09-24 14:36:48,549 INFO     OurEDA     > Get the item with title "奇迹男孩" Success.

2018-09-24 14:36:48,550 INFO     OurEDA     > Get the item with title "嗜血追凶" Success.

2018-09-24 14:36:48,551 INFO     OurEDA     > Get the item with title "空气侠" Success.

2018-09-24 14:36:48,552 INFO     OurEDA     > Get the item with title "拂晓传奇" Success.

2018-09-24 14:36:48,553 INFO     OurEDA     > Get the item with title "燥起来吧准皇妃" Success.

2018-09-24 14:36:48,554 INFO     OurEDA     > Get the item with title "道高一丈" Success.

2018-09-24 14:36:48,554 INFO     OurEDA     > Get the item with title "龙门驿站之蝴蝶飞" Success.

2018-09-24 14:36:48,555 INFO     OurEDA     > Get the item with title "武生" Success.

2018-09-24 14:36:48,556 INFO     OurEDA     > Get the item with title "房奴试爱" Success.

2018-09-24 14:36:48,557 INFO     OurEDA     > Get the item with title "帝都神魔传" Success.

2018-09-24 14:36:48,558 INFO     OurEDA     > Get the item with title "决战江湖之烂仔鸭王" Success.

2018-09-24 14:36:48,559 INFO     OurEDA     > Get the item with title "南极之恋" Success.

2018-09-24 14:36:48,560 INFO     OurEDA     > Get the item with title "沙海番外之蚌人" Success.

2018-09-24 14:36:48,561 INFO     OurEDA     > Get the item with title "旮旯山" Success.

2018-09-24 14:36:48,562 INFO     OurEDA     > Get the item with title "不良街区" Success.

2018-09-24 14:36:48,563 INFO     OurEDA     > Get the item with title "猫与桃花源" Success.

2018-09-24 14:36:48,563 INFO     OurEDA     > Get the item with title "贴身逆袭" Success.

2018-09-24 14:36:48,564 INFO     OurEDA     > Get the item with title "新僵尸先生2" Success.

2018-09-24 14:36:48,565 INFO     OurEDA     > Get the item with title "陈翔六点半之铁头无…" Success.

2018-09-24 14:36:48,566 INFO     OurEDA     > Get the item with title "龙门驿站之旱天雷" Success.

2018-09-24 14:36:48,567 INFO     OurEDA     > Get the item with title "阴缘婚" Success.

2018-09-24 14:36:48,568 INFO     OurEDA     > Get the item with title "绝色行动" Success.

2018-09-24 14:36:49,015 INFO     OurEDA     > Back url Success, Url is "http://dianying.2345.com/list/----2018---7.html".

2018-09-24 14:36:49,601 INFO     OurEDA     > Get the item with title "山炮计中计" Success.

2018-09-24 14:36:49,602 INFO     OurEDA     > Get the item with title "纯情少爷爱上我" Success.

2018-09-24 14:36:49,603 INFO     OurEDA     > Get the item with title "特工总裁俏冤家" Success.

2018-09-24 14:36:49,604 INFO     OurEDA     > Get the item with title "来不及拥抱" Success.

2018-09-24 14:36:49,605 INFO     OurEDA     > Get the item with title "战犬瑞克斯" Success.

2018-09-24 14:36:49,606 INFO     OurEDA     > Get the item with title "莫斯科陷落" Success.

2018-09-24 14:36:49,606 INFO     OurEDA     > Get the item with title "神秘世界历险记4" Success.

2018-09-24 14:36:49,607 INFO     OurEDA     > Get the item with title "姽婳" Success.

2018-09-24 14:36:49,608 INFO     OurEDA     > Get the item with title "冰雪女王3:火与冰（…" Success.

2018-09-24 14:36:49,609 INFO     OurEDA     > Get the item with title "渡灵人2" Success.

2018-09-24 14:36:49,610 INFO     OurEDA     > Get the item with title "坦途" Success.

2018-09-24 14:36:49,611 INFO     OurEDA     > Get the item with title "再见18班" Success.

2018-09-24 14:36:49,611 INFO     OurEDA     > Get the item with title "卧底巨星" Success.

2018-09-24 14:36:49,612 INFO     OurEDA     > Get the item with title "斗墓占花魁" Success.

2018-09-24 14:36:49,613 INFO     OurEDA     > Get the item with title "西部计划" Success.

2018-09-24 14:36:49,614 INFO     OurEDA     > Get the item with title "Hey猴王" Success.

2018-09-24 14:36:49,615 INFO     OurEDA     > Get the item with title "龙门驿站之奇缘" Success.

2018-09-24 14:36:49,616 INFO     OurEDA     > Get the item with title "马戏之王" Success.

2018-09-24 14:36:49,617 INFO     OurEDA     > Get the item with title "乱世豪杰" Success.

2018-09-24 14:36:49,618 INFO     OurEDA     > Get the item with title "大土炮之疯狂导演" Success.

2018-09-24 14:36:49,619 INFO     OurEDA     > Get the item with title "镇魔司:四象伏魔" Success.

2018-09-24 14:36:49,620 INFO     OurEDA     > Get the item with title "龙门驿站之太阳花" Success.

2018-09-24 14:36:49,620 INFO     OurEDA     > Get the item with title "致命拷问" Success.

2018-09-24 14:36:49,621 INFO     OurEDA     > Get the item with title "迪拜贱客" Success.

2018-09-24 14:36:49,622 INFO     OurEDA     > Get the item with title "不良千金" Success.

2018-09-24 14:36:49,623 INFO     OurEDA     > Get the item with title "江湖有道" Success.

2018-09-24 14:36:49,624 INFO     OurEDA     > Get the item with title "刀山火海" Success.

2018-09-24 14:36:49,625 INFO     OurEDA     > Get the item with title "新哥斯拉" Success.

2018-09-24 14:36:49,625 INFO     OurEDA     > Get the item with title "宝塔镇河妖之诡墓龙…" Success.

2018-09-24 14:36:49,626 INFO     OurEDA     > Get the item with title "神奇马戏团之动物饼…" Success.

2018-09-24 14:36:49,627 INFO     OurEDA     > Get the item with title "彪哥闯奉天之做梦没…" Success.

2018-09-24 14:36:49,628 INFO     OurEDA     > Get the item with title "遇见你真好" Success.

2018-09-24 14:36:49,629 INFO     OurEDA     > Get the item with title "水形物语" Success.

2018-09-24 14:36:49,630 INFO     OurEDA     > Get the item with title "替身小美人" Success.

2018-09-24 14:36:49,631 INFO     OurEDA     > Get the item with title "单向街14号" Success.

2018-09-24 14:36:50,298 INFO     OurEDA     > Back url Success, Url is "http://dianying.2345.com/list/----2018---8.html".

2018-09-24 14:36:50,990 INFO     OurEDA     > Get the item with title "拥抱" Success.

2018-09-24 14:36:50,991 INFO     OurEDA     > Get the item with title "夜魅之醉宿" Success.

2018-09-24 14:36:50,992 INFO     OurEDA     > Get the item with title "菜鸟王爷闹江湖" Success.

2018-09-24 14:36:50,993 INFO     OurEDA     > Get the item with title "三伏天" Success.

2018-09-24 14:36:50,994 INFO     OurEDA     > Get the item with title "杀出太平镇" Success.

2018-09-24 14:36:50,994 INFO     OurEDA     > Get the item with title "古墓兽影" Success.

2018-09-24 14:36:50,995 INFO     OurEDA     > Get the item with title "方世玉之人在江湖" Success.

2018-09-24 14:36:50,996 INFO     OurEDA     > Get the item with title "惹火甜心别想跑" Success.

2018-09-24 14:36:50,997 INFO     OurEDA     > Get the item with title "我说的都是真的" Success.

2018-09-24 14:36:50,998 INFO     OurEDA     > Get the item with title "午夜劫案" Success.

2018-09-24 14:36:50,999 INFO     OurEDA     > Get the item with title "美人鱼村" Success.

2018-09-24 14:36:51,000 INFO     OurEDA     > Get the item with title "奇葩朵朵" Success.

2018-09-24 14:36:51,001 INFO     OurEDA     > Get the item with title "凤凰城遗忘录" Success.

2018-09-24 14:36:51,002 INFO     OurEDA     > Get the item with title "细思极恐" Success.

2018-09-24 14:36:51,002 INFO     OurEDA     > Get the item with title "魅影特工" Success.

2018-09-24 14:36:51,003 INFO     OurEDA     > Get the item with title "特工总裁校花宠妻" Success.

2018-09-24 14:36:51,004 INFO     OurEDA     > Get the item with title "英雄本色 2018" Success.

2018-09-24 14:36:51,005 INFO     OurEDA     > Get the item with title "报告老师我是东北银" Success.

2018-09-24 14:36:51,006 INFO     OurEDA     > Get the item with title "夺命来电" Success.

2018-09-24 14:36:51,006 INFO     OurEDA     > Get the item with title "三生三界情人劫" Success.

2018-09-24 14:36:51,007 INFO     OurEDA     > Get the item with title "亚洲赌王之决战公海" Success.

2018-09-24 14:36:51,008 INFO     OurEDA     > Get the item with title "赤雷传" Success.

2018-09-24 14:36:51,009 INFO     OurEDA     > Get the item with title "移动迷宫3：死亡解药" Success.

2018-09-24 14:36:51,010 INFO     OurEDA     > Get the item with title "龙门驿站之新嫁衣" Success.

2018-09-24 14:36:51,011 INFO     OurEDA     > Get the item with title "毕业作品" Success.

2018-09-24 14:36:51,011 INFO     OurEDA     > Get the item with title "功夫囧星" Success.

2018-09-24 14:36:51,012 INFO     OurEDA     > Get the item with title "西游之决战大佛寺" Success.

2018-09-24 14:36:51,013 INFO     OurEDA     > Get the item with title "生存家族" Success.

2018-09-24 14:36:51,014 INFO     OurEDA     > Get the item with title "道师爷" Success.

2018-09-24 14:36:51,015 INFO     OurEDA     > Get the item with title "夺命剑1之风云再起" Success.

2018-09-24 14:36:51,016 INFO     OurEDA     > Get the item with title "打不死" Success.

2018-09-24 14:36:51,017 INFO     OurEDA     > Get the item with title "玛丽与魔女之花" Success.

2018-09-24 14:36:51,018 INFO     OurEDA     > Get the item with title "成为岛主的男人" Success.

2018-09-24 14:36:51,019 INFO     OurEDA     > Get the item with title "暮光·巴黎" Success.

2018-09-24 14:36:51,020 INFO     OurEDA     > Get the item with title "我是你妈" Success.

2018-09-24 14:36:51,462 INFO     OurEDA     > Back url Success, Url is "http://dianying.2345.com/list/----2018---9.html".

2018-09-24 14:36:57,664 INFO     OurEDA     > Get the item with title "龙门驿站之红头巾" Success.

2018-09-24 14:36:57,665 INFO     OurEDA     > Get the item with title "非职业杀手" Success.

2018-09-24 14:36:57,666 INFO     OurEDA     > Get the item with title "锦衣喋血" Success.

2018-09-24 14:36:57,668 INFO     OurEDA     > Get the item with title "大世界" Success.

2018-09-24 14:36:57,669 INFO     OurEDA     > Get the item with title "王者游戏:觉醒" Success.

2018-09-24 14:36:57,670 INFO     OurEDA     > Get the item with title "白衣校花与大长腿之…" Success.

2018-09-24 14:36:57,671 INFO     OurEDA     > Get the item with title "暴裂无声" Success.

2018-09-24 14:36:57,673 INFO     OurEDA     > Get the item with title "狂龙伏妖" Success.

2018-09-24 14:36:57,674 INFO     OurEDA     > Get the item with title "蜜蜂少女队" Success.

2018-09-24 14:36:57,676 INFO     OurEDA     > Get the item with title "侠盗义贼" Success.

2018-09-24 14:36:57,677 INFO     OurEDA     > Get the item with title "灵契" Success.

2018-09-24 14:36:57,678 INFO     OurEDA     > Get the item with title "张三丰之末世凶兵" Success.

2018-09-24 14:36:57,679 INFO     OurEDA     > Get the item with title "今晚有妖气之异幻街…" Success.

2018-09-24 14:36:57,680 INFO     OurEDA     > Get the item with title "游侠索罗：星球大战…" Success.

2018-09-24 14:36:57,681 INFO     OurEDA     > Get the item with title "醉有应得" Success.

2018-09-24 14:36:57,682 INFO     OurEDA     > Get the item with title "决战千王" Success.

2018-09-24 14:36:57,682 INFO     OurEDA     > Get the item with title "天下第一镖局" Success.

2018-09-24 14:36:57,684 INFO     OurEDA     > Get the item with title "腹黑上司我要了" Success.

2018-09-24 14:36:57,685 INFO     OurEDA     > Get the item with title "龙之少年" Success.

2018-09-24 14:36:57,686 INFO     OurEDA     > Get the item with title "吃货宇宙" Success.

2018-09-24 14:36:57,688 INFO     OurEDA     > Get the item with title "三块广告牌" Success.

2018-09-24 14:36:57,689 INFO     OurEDA     > Get the item with title "前任局中局" Success.

2018-09-24 14:36:57,690 INFO     OurEDA     > Get the item with title "锦衣卫之王者归来" Success.

2018-09-24 14:36:57,692 INFO     OurEDA     > Get the item with title "浪矢解忧杂货店" Success.

2018-09-24 14:36:57,693 INFO     OurEDA     > Get the item with title "霍家拳之威震山河" Success.

2018-09-24 14:36:57,694 INFO     OurEDA     > Get the item with title "致命的敌对" Success.

2018-09-24 14:36:57,695 INFO     OurEDA     > Get the item with title "旅行吧井底之蛙" Success.

2018-09-24 14:36:57,696 INFO     OurEDA     > Get the item with title "老男人也疯狂" Success.

2018-09-24 14:36:57,697 INFO     OurEDA     > Get the item with title "追·踪" Success.

2018-09-24 14:36:57,698 INFO     OurEDA     > Get the item with title "机甲神七" Success.

2018-09-24 14:36:57,700 INFO     OurEDA     > Get the item with title "玲珑井" Success.

2018-09-24 14:36:57,702 INFO     OurEDA     > Get the item with title "通勤营救" Success.

2018-09-24 14:36:57,703 INFO     OurEDA     > Get the item with title "昼颜（普通话）" Success.

2018-09-24 14:36:57,706 INFO     OurEDA     > Get the item with title "初雪告白" Success.

2018-09-24 14:36:57,707 INFO     OurEDA     > Get the item with title "功夫北鼻" Success.

2018-09-24 14:36:57,707 INFO     OurEDA     > Start Pipelines.

2018-09-24 14:36:57,708 INFO     OurEDA     > Save "欧洲攻略" in to file Success.

2018-09-24 14:36:57,708 INFO     OurEDA     > Save "爱情公寓" in to file Success.

2018-09-24 14:36:57,708 INFO     OurEDA     > Save "狄仁杰之四大天王" in to file Success.

2018-09-24 14:36:57,708 INFO     OurEDA     > Save "英雄本色2018" in to file Success.

2018-09-24 14:36:57,708 INFO     OurEDA     > Save "风语咒" in to file Success.

2018-09-24 14:36:57,709 INFO     OurEDA     > Save "狂暴巨兽" in to file Success.

2018-09-24 14:36:57,709 INFO     OurEDA     > Save "猛虫过江" in to file Success.

2018-09-24 14:36:57,709 INFO     OurEDA     > Save "西虹市首富" in to file Success.

2018-09-24 14:36:57,709 INFO     OurEDA     > Save "红海行动" in to file Success.

2018-09-24 14:36:57,710 INFO     OurEDA     > Save "灵魂摆渡黄泉" in to file Success.

2018-09-24 14:36:57,710 INFO     OurEDA     > Save "解码游戏" in to file Success.

2018-09-24 14:36:57,710 INFO     OurEDA     > Save "的士速递5" in to file Success.

2018-09-24 14:36:57,711 INFO     OurEDA     > Save "金蝉脱壳2:冥府" in to file Success.

2018-09-24 14:36:57,711 INFO     OurEDA     > Save "桃花劫" in to file Success.

2018-09-24 14:36:57,711 INFO     OurEDA     > Save "玩偶特工" in to file Success.

2018-09-24 14:36:57,711 INFO     OurEDA     > Save "幸福马上来" in to file Success.

2018-09-24 14:36:57,711 INFO     OurEDA     > Save "绝色霸王花" in to file Success.

2018-09-24 14:36:57,712 INFO     OurEDA     > Save "失控记忆" in to file Success.

2018-09-24 14:36:57,712 INFO     OurEDA     > Save "寂静之地" in to file Success.

2018-09-24 14:36:57,712 INFO     OurEDA     > Save "熊出没·变形记" in to file Success.

2018-09-24 14:36:57,713 INFO     OurEDA     > Save "男狐聊斋2兰若寺" in to file Success.

2018-09-24 14:36:57,713 INFO     OurEDA     > Save "巨齿鲨" in to file Success.

2018-09-24 14:36:57,713 INFO     OurEDA     > Save "小悟空" in to file Success.

2018-09-24 14:36:57,713 INFO     OurEDA     > Save "龙虾刑警" in to file Success.

2018-09-24 14:36:57,713 INFO     OurEDA     > Save "谜巢" in to file Success.

2018-09-24 14:36:57,713 INFO     OurEDA     > Save "反贪风暴3" in to file Success.

2018-09-24 14:36:57,714 INFO     OurEDA     > Save "昼颜" in to file Success.

2018-09-24 14:36:57,714 INFO     OurEDA     > Save "玩世英雄" in to file Success.

2018-09-24 14:36:57,714 INFO     OurEDA     > Save "火线佣兵" in to file Success.

2018-09-24 14:36:57,714 INFO     OurEDA     > Save "唐人街探案2" in to file Success.

2018-09-24 14:36:57,714 INFO     OurEDA     > Save "冰雪女王3:火与冰" in to file Success.

2018-09-24 14:36:57,715 INFO     OurEDA     > Save "复仇者联盟3：无限战…" in to file Success.

2018-09-24 14:36:57,715 INFO     OurEDA     > Save "魔国志I之黄巾之乱" in to file Success.

2018-09-24 14:36:57,715 INFO     OurEDA     > Save "捉妖记2" in to file Success.

2018-09-24 14:36:57,715 INFO     OurEDA     > Save "碟中谍6:全面瓦解" in to file Success.

2018-09-24 14:36:57,715 INFO     OurEDA     > Save "阿尔法:狼伴归途" in to file Success.

2018-09-24 14:36:57,716 INFO     OurEDA     > Save "战神纪" in to file Success.

2018-09-24 14:36:57,716 INFO     OurEDA     > Save "济公之神龙再现" in to file Success.

2018-09-24 14:36:57,716 INFO     OurEDA     > Save "一出好戏" in to file Success.

2018-09-24 14:36:57,716 INFO     OurEDA     > Save "佣兵战争2" in to file Success.

2018-09-24 14:36:57,716 INFO     OurEDA     > Save "厨霸江湖" in to file Success.

2018-09-24 14:36:57,717 INFO     OurEDA     > Save "低压槽:欲望之城" in to file Success.

2018-09-24 14:36:57,717 INFO     OurEDA     > Save "幕后玩家" in to file Success.

2018-09-24 14:36:57,717 INFO     OurEDA     > Save "吻隐者" in to file Success.

2018-09-24 14:36:57,717 INFO     OurEDA     > Save "勇敢者游戏:决战丛林" in to file Success.

2018-09-24 14:36:57,717 INFO     OurEDA     > Save "超时空同居" in to file Success.

2018-09-24 14:36:57,718 INFO     OurEDA     > Save "杨戬传" in to file Success.

2018-09-24 14:36:57,718 INFO     OurEDA     > Save "御姐娇妻" in to file Success.

2018-09-24 14:36:57,718 INFO     OurEDA     > Save "江湖学院" in to file Success.

2018-09-24 14:36:57,718 INFO     OurEDA     > Save "金装少年唐伯虎" in to file Success.

2018-09-24 14:36:57,719 INFO     OurEDA     > Save "白夜侠" in to file Success.

2018-09-24 14:36:57,719 INFO     OurEDA     > Save "李宗伟:败者为王" in to file Success.

2018-09-24 14:36:57,719 INFO     OurEDA     > Save "捉妖师" in to file Success.

2018-09-24 14:36:57,719 INFO     OurEDA     > Save "鬼子也疯狂" in to file Success.

2018-09-24 14:36:57,719 INFO     OurEDA     > Save "西游记女儿国" in to file Success.

2018-09-24 14:36:57,720 INFO     OurEDA     > Save "镰仓物语" in to file Success.

2018-09-24 14:36:57,720 INFO     OurEDA     > Save "祖宗十九代" in to file Success.

2018-09-24 14:36:57,720 INFO     OurEDA     > Save "后来的我们" in to file Success.

2018-09-24 14:36:57,720 INFO     OurEDA     > Save "念念手纪" in to file Success.

2018-09-24 14:36:57,721 INFO     OurEDA     > Save "修罗狱之彼岸花" in to file Success.

2018-09-24 14:36:57,721 INFO     OurEDA     > Save "佣兵特战队" in to file Success.

2018-09-24 14:36:57,721 INFO     OurEDA     > Save "捉妖大仙" in to file Success.

2018-09-24 14:36:57,721 INFO     OurEDA     > Save "我不是药神" in to file Success.

2018-09-24 14:36:57,721 INFO     OurEDA     > Save "厉害了，我的国" in to file Success.

2018-09-24 14:36:57,722 INFO     OurEDA     > Save "狄仁杰之轮回图" in to file Success.

2018-09-24 14:36:57,722 INFO     OurEDA     > Save "八戒降魔" in to file Success.

2018-09-24 14:36:57,722 INFO     OurEDA     > Save "神魔觉醒" in to file Success.

2018-09-24 14:36:57,723 INFO     OurEDA     > Save "白骨夫人大战狼妖" in to file Success.

2018-09-24 14:36:57,723 INFO     OurEDA     > Save "蚁人2:黄蜂女现身" in to file Success.

2018-09-24 14:36:57,723 INFO     OurEDA     > Save "大师兄" in to file Success.

2018-09-24 14:36:57,723 INFO     OurEDA     > Save "特工总裁小辣妹" in to file Success.

2018-09-24 14:36:57,723 INFO     OurEDA     > Save "极速舰艇" in to file Success.

2018-09-24 14:36:57,724 INFO     OurEDA     > Save "新乌龙院之笑闹江湖" in to file Success.

2018-09-24 14:36:57,724 INFO     OurEDA     > Save "致命还击" in to file Success.

2018-09-24 14:36:57,724 INFO     OurEDA     > Save "你是我兄弟巅峰决战" in to file Success.

2018-09-24 14:36:57,724 INFO     OurEDA     > Save "精灵旅社3:疯狂假期" in to file Success.

2018-09-24 14:36:57,724 INFO     OurEDA     > Save "最后一球" in to file Success.

2018-09-24 14:36:57,725 INFO     OurEDA     > Save "荒岛求生" in to file Success.

2018-09-24 14:36:57,725 INFO     OurEDA     > Save "深海越狱" in to file Success.

2018-09-24 14:36:57,725 INFO     OurEDA     > Save "夺命别墅" in to file Success.

2018-09-24 14:36:57,725 INFO     OurEDA     > Save "大轰炸" in to file Success.

2018-09-24 14:36:57,725 INFO     OurEDA     > Save "新白蛇传之法海" in to file Success.

2018-09-24 14:36:57,726 INFO     OurEDA     > Save "龙门驿站之嚎月" in to file Success.

2018-09-24 14:36:57,726 INFO     OurEDA     > Save "邪不压正" in to file Success.

2018-09-24 14:36:57,726 INFO     OurEDA     > Save "古墓丽影:源起之战" in to file Success.

2018-09-24 14:36:57,726 INFO     OurEDA     > Save "白衣校花与大长腿之…" in to file Success.

2018-09-24 14:36:57,726 INFO     OurEDA     > Save "千术3决战澳门" in to file Success.

2018-09-24 14:36:57,727 INFO     OurEDA     > Save "走神拳王" in to file Success.

2018-09-24 14:36:57,727 INFO     OurEDA     > Save "法海你不懂爱" in to file Success.

2018-09-24 14:36:57,727 INFO     OurEDA     > Save "巴霍巴利王2：终结" in to file Success.

2018-09-24 14:36:57,727 INFO     OurEDA     > Save "狂战" in to file Success.

2018-09-24 14:36:57,727 INFO     OurEDA     > Save "侏罗纪世界2" in to file Success.

2018-09-24 14:36:57,728 INFO     OurEDA     > Save "上古仙女秘闻" in to file Success.

2018-09-24 14:36:57,728 INFO     OurEDA     > Save "妖凤云城" in to file Success.

2018-09-24 14:36:57,728 INFO     OurEDA     > Save "江湖儿女" in to file Success.

2018-09-24 14:36:57,729 INFO     OurEDA     > Save "爵迹2" in to file Success.

2018-09-24 14:36:57,729 INFO     OurEDA     > Save "泄密者" in to file Success.

2018-09-24 14:36:57,729 INFO     OurEDA     > Save "龙门驿站之生死阁" in to file Success.

2018-09-24 14:36:57,729 INFO     OurEDA     > Save "疯狂的快递" in to file Success.

2018-09-24 14:36:57,729 INFO     OurEDA     > Save "无问西东" in to file Success.

2018-09-24 14:36:57,730 INFO     OurEDA     > Save "阿修罗" in to file Success.

2018-09-24 14:36:57,730 INFO     OurEDA     > Save "天启第一章" in to file Success.

2018-09-24 14:36:57,730 INFO     OurEDA     > Save "香港大营救" in to file Success.

2018-09-24 14:36:57,730 INFO     OurEDA     > Save "谜巢 普通话版" in to file Success.

2018-09-24 14:36:57,730 INFO     OurEDA     > Save "铁血江湖之决不饶恕" in to file Success.

2018-09-24 14:36:57,731 INFO     OurEDA     > Save "悲伤逆流成河" in to file Success.

2018-09-24 14:36:57,731 INFO     OurEDA     > Save "机甲美人" in to file Success.

2018-09-24 14:36:57,731 INFO     OurEDA     > Save "热血跨男" in to file Success.

2018-09-24 14:36:57,731 INFO     OurEDA     > Save "摩天营救" in to file Success.

2018-09-24 14:36:57,731 INFO     OurEDA     > Save "捷德奥特曼剧场版:连…" in to file Success.

2018-09-24 14:36:57,732 INFO     OurEDA     > Save "头号玩家" in to file Success.

2018-09-24 14:36:57,732 INFO     OurEDA     > Save "黄飞鸿之南北英雄" in to file Success.

2018-09-24 14:36:57,732 INFO     OurEDA     > Save "黑豹" in to file Success.

2018-09-24 14:36:57,732 INFO     OurEDA     > Save "铁血飞虎" in to file Success.

2018-09-24 14:36:57,733 INFO     OurEDA     > Save "师公降魔" in to file Success.

2018-09-24 14:36:57,733 INFO     OurEDA     > Save "妈妈咪鸭" in to file Success.

2018-09-24 14:36:57,733 INFO     OurEDA     > Save "有一种青春叫高考" in to file Success.

2018-09-24 14:36:57,733 INFO     OurEDA     > Save "豪门情仇" in to file Success.

2018-09-24 14:36:57,733 INFO     OurEDA     > Save "小偷家族" in to file Success.

2018-09-24 14:36:57,734 INFO     OurEDA     > Save "21克拉" in to file Success.

2018-09-24 14:36:57,734 INFO     OurEDA     > Save "金龟子" in to file Success.

2018-09-24 14:36:57,734 INFO     OurEDA     > Save "铃魔传" in to file Success.

2018-09-24 14:36:57,734 INFO     OurEDA     > Save "超级大山炮之海岛奇…" in to file Success.

2018-09-24 14:36:57,734 INFO     OurEDA     > Save "快递侠" in to file Success.

2018-09-24 14:36:57,735 INFO     OurEDA     > Save "方世玉" in to file Success.

2018-09-24 14:36:57,735 INFO     OurEDA     > Save "别了江湖之亡命仙女…" in to file Success.

2018-09-24 14:36:57,735 INFO     OurEDA     > Save "武当山之天履奇缘" in to file Success.

2018-09-24 14:36:57,735 INFO     OurEDA     > Save "东北雷神之误归原主" in to file Success.

2018-09-24 14:36:57,735 INFO     OurEDA     > Save "济公之英雄归位" in to file Success.

2018-09-24 14:36:57,736 INFO     OurEDA     > Save "复仇诡影" in to file Success.

2018-09-24 14:36:57,736 INFO     OurEDA     > Save "歧途英雄" in to file Success.

2018-09-24 14:36:57,736 INFO     OurEDA     > Save "功夫道长" in to file Success.

2018-09-24 14:36:57,736 INFO     OurEDA     > Save "影" in to file Success.

2018-09-24 14:36:57,736 INFO     OurEDA     > Save "古剑奇谭之流月昭明" in to file Success.

2018-09-24 14:36:57,736 INFO     OurEDA     > Save "虎胆追凶" in to file Success.

2018-09-24 14:36:57,737 INFO     OurEDA     > Save "时空终点" in to file Success.

2018-09-24 14:36:57,737 INFO     OurEDA     > Save "黑天使的坠落" in to file Success.

2018-09-24 14:36:57,737 INFO     OurEDA     > Save "暹罗决:九神战甲" in to file Success.

2018-09-24 14:36:57,738 INFO     OurEDA     > Save "白门五甲" in to file Success.

2018-09-24 14:36:57,738 INFO     OurEDA     > Save "环太平洋2：雷霆再起" in to file Success.

2018-09-24 14:36:57,738 INFO     OurEDA     > Save "深海狂鲨2" in to file Success.

2018-09-24 14:36:57,738 INFO     OurEDA     > Save "囧炮之假面诡局" in to file Success.

2018-09-24 14:36:57,739 INFO     OurEDA     > Save "哆啦A梦：大雄的金银…" in to file Success.

2018-09-24 14:36:57,739 INFO     OurEDA     > Save "荒岛重生" in to file Success.

2018-09-24 14:36:57,739 INFO     OurEDA     > Save "李茶的姑妈" in to file Success.

2018-09-24 14:36:57,739 INFO     OurEDA     > Save "西北风云" in to file Success.

2018-09-24 14:36:57,739 INFO     OurEDA     > Save "潮州帮" in to file Success.

2018-09-24 14:36:57,740 INFO     OurEDA     > Save "古玩大亨" in to file Success.

2018-09-24 14:36:57,740 INFO     OurEDA     > Save "沙海番外之画媒" in to file Success.

2018-09-24 14:36:57,740 INFO     OurEDA     > Save "神秘巨星" in to file Success.

2018-09-24 14:36:57,740 INFO     OurEDA     > Save "天罚2" in to file Success.

2018-09-24 14:36:57,740 INFO     OurEDA     > Save "血祭" in to file Success.

2018-09-24 14:36:57,740 INFO     OurEDA     > Save "脱皮爸爸" in to file Success.

2018-09-24 14:36:57,741 INFO     OurEDA     > Save "我要当村长" in to file Success.

2018-09-24 14:36:57,741 INFO     OurEDA     > Save "废柴保镖" in to file Success.

2018-09-24 14:36:57,741 INFO     OurEDA     > Save "湮灭" in to file Success.

2018-09-24 14:36:57,741 INFO     OurEDA     > Save "混混英雄" in to file Success.

2018-09-24 14:36:57,741 INFO     OurEDA     > Save "龙门驿站之狼武士" in to file Success.

2018-09-24 14:36:57,741 INFO     OurEDA     > Save "恐怖浴室" in to file Success.

2018-09-24 14:36:57,742 INFO     OurEDA     > Save "一代妖狐" in to file Success.

2018-09-24 14:36:57,742 INFO     OurEDA     > Save "我被青春闪了腰" in to file Success.

2018-09-24 14:36:57,742 INFO     OurEDA     > Save "天罚" in to file Success.

2018-09-24 14:36:57,742 INFO     OurEDA     > Save "中国警花" in to file Success.

2018-09-24 14:36:57,742 INFO     OurEDA     > Save "人工少女" in to file Success.

2018-09-24 14:36:57,743 INFO     OurEDA     > Save "小萝莉的猴神大叔" in to file Success.

2018-09-24 14:36:57,743 INFO     OurEDA     > Save "古惑青春" in to file Success.

2018-09-24 14:36:57,743 INFO     OurEDA     > Save "金三角大营救" in to file Success.

2018-09-24 14:36:57,743 INFO     OurEDA     > Save "新白蛇传之青蛇" in to file Success.

2018-09-24 14:36:57,744 INFO     OurEDA     > Save "起跑线" in to file Success.

2018-09-24 14:36:57,744 INFO     OurEDA     > Save "一个人的冬天" in to file Success.

2018-09-24 14:36:57,744 INFO     OurEDA     > Save "龙门驿站之秋娘泪" in to file Success.

2018-09-24 14:36:57,744 INFO     OurEDA     > Save "找到你" in to file Success.

2018-09-24 14:36:57,744 INFO     OurEDA     > Save "环太平洋:雷霆再起" in to file Success.

2018-09-24 14:36:57,744 INFO     OurEDA     > Save "网红大事件" in to file Success.

2018-09-24 14:36:57,745 INFO     OurEDA     > Save "忌日快乐" in to file Success.

2018-09-24 14:36:57,745 INFO     OurEDA     > Save "怨灵岛之决不饶恕" in to file Success.

2018-09-24 14:36:57,745 INFO     OurEDA     > Save "24小时:末路重生" in to file Success.

2018-09-24 14:36:57,745 INFO     OurEDA     > Save "我的野兽男友" in to file Success.

2018-09-24 14:36:57,745 INFO     OurEDA     > Save "特工小萌妻" in to file Success.

2018-09-24 14:36:57,745 INFO     OurEDA     > Save "午夜十二点" in to file Success.

2018-09-24 14:36:57,746 INFO     OurEDA     > Save "三傻血战江湖" in to file Success.

2018-09-24 14:36:57,746 INFO     OurEDA     > Save "我的邻居是美女" in to file Success.

2018-09-24 14:36:57,746 INFO     OurEDA     > Save "超人总动员2" in to file Success.

2018-09-24 14:36:57,746 INFO     OurEDA     > Save "御龙修仙传" in to file Success.

2018-09-24 14:36:57,746 INFO     OurEDA     > Save "杀手公司2018" in to file Success.

2018-09-24 14:36:57,747 INFO     OurEDA     > Save "小鬼丛林冒险记" in to file Success.

2018-09-24 14:36:57,747 INFO     OurEDA     > Save "新白蛇传之九尾狐" in to file Success.

2018-09-24 14:36:57,747 INFO     OurEDA     > Save "高冷姐姐霸王少" in to file Success.

2018-09-24 14:36:57,747 INFO     OurEDA     > Save "奇迹男孩" in to file Success.

2018-09-24 14:36:57,748 INFO     OurEDA     > Save "嗜血追凶" in to file Success.

2018-09-24 14:36:57,748 INFO     OurEDA     > Save "空气侠" in to file Success.

2018-09-24 14:36:57,748 INFO     OurEDA     > Save "拂晓传奇" in to file Success.

2018-09-24 14:36:57,748 INFO     OurEDA     > Save "燥起来吧准皇妃" in to file Success.

2018-09-24 14:36:57,749 INFO     OurEDA     > Save "道高一丈" in to file Success.

2018-09-24 14:36:57,749 INFO     OurEDA     > Save "龙门驿站之蝴蝶飞" in to file Success.

2018-09-24 14:36:57,749 INFO     OurEDA     > Save "武生" in to file Success.

2018-09-24 14:36:57,749 INFO     OurEDA     > Save "房奴试爱" in to file Success.

2018-09-24 14:36:57,751 INFO     OurEDA     > Save "帝都神魔传" in to file Success.

2018-09-24 14:36:57,751 INFO     OurEDA     > Save "决战江湖之烂仔鸭王" in to file Success.

2018-09-24 14:36:57,751 INFO     OurEDA     > Save "南极之恋" in to file Success.

2018-09-24 14:36:57,752 INFO     OurEDA     > Save "沙海番外之蚌人" in to file Success.

2018-09-24 14:36:57,752 INFO     OurEDA     > Save "旮旯山" in to file Success.

2018-09-24 14:36:57,752 INFO     OurEDA     > Save "不良街区" in to file Success.

2018-09-24 14:36:57,752 INFO     OurEDA     > Save "猫与桃花源" in to file Success.

2018-09-24 14:36:57,752 INFO     OurEDA     > Save "贴身逆袭" in to file Success.

2018-09-24 14:36:57,752 INFO     OurEDA     > Save "新僵尸先生2" in to file Success.

2018-09-24 14:36:57,753 INFO     OurEDA     > Save "陈翔六点半之铁头无…" in to file Success.

2018-09-24 14:36:57,754 INFO     OurEDA     > Save "龙门驿站之旱天雷" in to file Success.

2018-09-24 14:36:57,754 INFO     OurEDA     > Save "阴缘婚" in to file Success.

2018-09-24 14:36:57,754 INFO     OurEDA     > Save "绝色行动" in to file Success.

2018-09-24 14:36:57,755 INFO     OurEDA     > Save "山炮计中计" in to file Success.

2018-09-24 14:36:57,755 INFO     OurEDA     > Save "纯情少爷爱上我" in to file Success.

2018-09-24 14:36:57,755 INFO     OurEDA     > Save "特工总裁俏冤家" in to file Success.

2018-09-24 14:36:57,756 INFO     OurEDA     > Save "来不及拥抱" in to file Success.

2018-09-24 14:36:57,756 INFO     OurEDA     > Save "战犬瑞克斯" in to file Success.

2018-09-24 14:36:57,756 INFO     OurEDA     > Save "莫斯科陷落" in to file Success.

2018-09-24 14:36:57,756 INFO     OurEDA     > Save "神秘世界历险记4" in to file Success.

2018-09-24 14:36:57,757 INFO     OurEDA     > Save "姽婳" in to file Success.

2018-09-24 14:36:57,757 INFO     OurEDA     > Save "冰雪女王3:火与冰（…" in to file Success.

2018-09-24 14:36:57,757 INFO     OurEDA     > Save "渡灵人2" in to file Success.

2018-09-24 14:36:57,757 INFO     OurEDA     > Save "坦途" in to file Success.

2018-09-24 14:36:57,758 INFO     OurEDA     > Save "再见18班" in to file Success.

2018-09-24 14:36:57,758 INFO     OurEDA     > Save "卧底巨星" in to file Success.

2018-09-24 14:36:57,758 INFO     OurEDA     > Save "斗墓占花魁" in to file Success.

2018-09-24 14:36:57,759 INFO     OurEDA     > Save "西部计划" in to file Success.

2018-09-24 14:36:57,759 INFO     OurEDA     > Save "Hey猴王" in to file Success.

2018-09-24 14:36:57,759 INFO     OurEDA     > Save "龙门驿站之奇缘" in to file Success.

2018-09-24 14:36:57,759 INFO     OurEDA     > Save "马戏之王" in to file Success.

2018-09-24 14:36:57,760 INFO     OurEDA     > Save "乱世豪杰" in to file Success.

2018-09-24 14:36:57,760 INFO     OurEDA     > Save "大土炮之疯狂导演" in to file Success.

2018-09-24 14:36:57,760 INFO     OurEDA     > Save "镇魔司:四象伏魔" in to file Success.

2018-09-24 14:36:57,760 INFO     OurEDA     > Save "龙门驿站之太阳花" in to file Success.

2018-09-24 14:36:57,760 INFO     OurEDA     > Save "致命拷问" in to file Success.

2018-09-24 14:36:57,761 INFO     OurEDA     > Save "迪拜贱客" in to file Success.

2018-09-24 14:36:57,761 INFO     OurEDA     > Save "不良千金" in to file Success.

2018-09-24 14:36:57,761 INFO     OurEDA     > Save "江湖有道" in to file Success.

2018-09-24 14:36:57,761 INFO     OurEDA     > Save "刀山火海" in to file Success.

2018-09-24 14:36:57,761 INFO     OurEDA     > Save "新哥斯拉" in to file Success.

2018-09-24 14:36:57,762 INFO     OurEDA     > Save "宝塔镇河妖之诡墓龙…" in to file Success.

2018-09-24 14:36:57,762 INFO     OurEDA     > Save "神奇马戏团之动物饼…" in to file Success.

2018-09-24 14:36:57,762 INFO     OurEDA     > Save "彪哥闯奉天之做梦没…" in to file Success.

2018-09-24 14:36:57,762 INFO     OurEDA     > Save "遇见你真好" in to file Success.

2018-09-24 14:36:57,762 INFO     OurEDA     > Save "水形物语" in to file Success.

2018-09-24 14:36:57,762 INFO     OurEDA     > Save "替身小美人" in to file Success.

2018-09-24 14:36:57,763 INFO     OurEDA     > Save "单向街14号" in to file Success.

2018-09-24 14:36:57,763 INFO     OurEDA     > Save "拥抱" in to file Success.

2018-09-24 14:36:57,763 INFO     OurEDA     > Save "夜魅之醉宿" in to file Success.

2018-09-24 14:36:57,763 INFO     OurEDA     > Save "菜鸟王爷闹江湖" in to file Success.

2018-09-24 14:36:57,763 INFO     OurEDA     > Save "三伏天" in to file Success.

2018-09-24 14:36:57,763 INFO     OurEDA     > Save "杀出太平镇" in to file Success.

2018-09-24 14:36:57,764 INFO     OurEDA     > Save "古墓兽影" in to file Success.

2018-09-24 14:36:57,764 INFO     OurEDA     > Save "方世玉之人在江湖" in to file Success.

2018-09-24 14:36:57,764 INFO     OurEDA     > Save "惹火甜心别想跑" in to file Success.

2018-09-24 14:36:57,764 INFO     OurEDA     > Save "我说的都是真的" in to file Success.

2018-09-24 14:36:57,764 INFO     OurEDA     > Save "午夜劫案" in to file Success.

2018-09-24 14:36:57,764 INFO     OurEDA     > Save "美人鱼村" in to file Success.

2018-09-24 14:36:57,765 INFO     OurEDA     > Save "奇葩朵朵" in to file Success.

2018-09-24 14:36:57,765 INFO     OurEDA     > Save "凤凰城遗忘录" in to file Success.

2018-09-24 14:36:57,765 INFO     OurEDA     > Save "细思极恐" in to file Success.

2018-09-24 14:36:57,765 INFO     OurEDA     > Save "魅影特工" in to file Success.

2018-09-24 14:36:57,765 INFO     OurEDA     > Save "特工总裁校花宠妻" in to file Success.

2018-09-24 14:36:57,765 INFO     OurEDA     > Save "英雄本色 2018" in to file Success.

2018-09-24 14:36:57,765 INFO     OurEDA     > Save "报告老师我是东北银" in to file Success.

2018-09-24 14:36:57,766 INFO     OurEDA     > Save "夺命来电" in to file Success.

2018-09-24 14:36:57,766 INFO     OurEDA     > Save "三生三界情人劫" in to file Success.

2018-09-24 14:36:57,766 INFO     OurEDA     > Save "亚洲赌王之决战公海" in to file Success.

2018-09-24 14:36:57,766 INFO     OurEDA     > Save "赤雷传" in to file Success.

2018-09-24 14:36:57,767 INFO     OurEDA     > Save "移动迷宫3：死亡解药" in to file Success.

2018-09-24 14:36:57,767 INFO     OurEDA     > Save "龙门驿站之新嫁衣" in to file Success.

2018-09-24 14:36:57,767 INFO     OurEDA     > Save "毕业作品" in to file Success.

2018-09-24 14:36:57,767 INFO     OurEDA     > Save "功夫囧星" in to file Success.

2018-09-24 14:36:57,767 INFO     OurEDA     > Save "西游之决战大佛寺" in to file Success.

2018-09-24 14:36:57,768 INFO     OurEDA     > Save "生存家族" in to file Success.

2018-09-24 14:36:57,768 INFO     OurEDA     > Save "道师爷" in to file Success.

2018-09-24 14:36:57,768 INFO     OurEDA     > Save "夺命剑1之风云再起" in to file Success.

2018-09-24 14:36:57,768 INFO     OurEDA     > Save "打不死" in to file Success.

2018-09-24 14:36:57,768 INFO     OurEDA     > Save "玛丽与魔女之花" in to file Success.

2018-09-24 14:36:57,768 INFO     OurEDA     > Save "成为岛主的男人" in to file Success.

2018-09-24 14:36:57,769 INFO     OurEDA     > Save "暮光·巴黎" in to file Success.

2018-09-24 14:36:57,769 INFO     OurEDA     > Save "我是你妈" in to file Success.

2018-09-24 14:36:57,769 INFO     OurEDA     > Save "龙门驿站之红头巾" in to file Success.

2018-09-24 14:36:57,770 INFO     OurEDA     > Save "非职业杀手" in to file Success.

2018-09-24 14:36:57,770 INFO     OurEDA     > Save "锦衣喋血" in to file Success.

2018-09-24 14:36:57,770 INFO     OurEDA     > Save "大世界" in to file Success.

2018-09-24 14:36:57,770 INFO     OurEDA     > Save "王者游戏:觉醒" in to file Success.

2018-09-24 14:36:57,770 INFO     OurEDA     > Save "白衣校花与大长腿之…" in to file Success.

2018-09-24 14:36:57,771 INFO     OurEDA     > Save "暴裂无声" in to file Success.

2018-09-24 14:36:57,771 INFO     OurEDA     > Save "狂龙伏妖" in to file Success.

2018-09-24 14:36:57,772 INFO     OurEDA     > Save "蜜蜂少女队" in to file Success.

2018-09-24 14:36:57,773 INFO     OurEDA     > Save "侠盗义贼" in to file Success.

2018-09-24 14:36:57,773 INFO     OurEDA     > Save "灵契" in to file Success.

2018-09-24 14:36:57,773 INFO     OurEDA     > Save "张三丰之末世凶兵" in to file Success.

2018-09-24 14:36:57,774 INFO     OurEDA     > Save "今晚有妖气之异幻街…" in to file Success.

2018-09-24 14:36:57,774 INFO     OurEDA     > Save "游侠索罗：星球大战…" in to file Success.

2018-09-24 14:36:57,774 INFO     OurEDA     > Save "醉有应得" in to file Success.

2018-09-24 14:36:57,774 INFO     OurEDA     > Save "决战千王" in to file Success.

2018-09-24 14:36:57,775 INFO     OurEDA     > Save "天下第一镖局" in to file Success.

2018-09-24 14:36:57,775 INFO     OurEDA     > Save "腹黑上司我要了" in to file Success.

2018-09-24 14:36:57,775 INFO     OurEDA     > Save "龙之少年" in to file Success.

2018-09-24 14:36:57,775 INFO     OurEDA     > Save "吃货宇宙" in to file Success.

2018-09-24 14:36:57,775 INFO     OurEDA     > Save "三块广告牌" in to file Success.

2018-09-24 14:36:57,776 INFO     OurEDA     > Save "前任局中局" in to file Success.

2018-09-24 14:36:57,777 INFO     OurEDA     > Save "锦衣卫之王者归来" in to file Success.

2018-09-24 14:36:57,777 INFO     OurEDA     > Save "浪矢解忧杂货店" in to file Success.

2018-09-24 14:36:57,777 INFO     OurEDA     > Save "霍家拳之威震山河" in to file Success.

2018-09-24 14:36:57,777 INFO     OurEDA     > Save "致命的敌对" in to file Success.

2018-09-24 14:36:57,777 INFO     OurEDA     > Save "旅行吧井底之蛙" in to file Success.

2018-09-24 14:36:57,777 INFO     OurEDA     > Save "老男人也疯狂" in to file Success.

2018-09-24 14:36:57,777 INFO     OurEDA     > Save "追·踪" in to file Success.

2018-09-24 14:36:57,777 INFO     OurEDA     > Save "机甲神七" in to file Success.

2018-09-24 14:36:57,778 INFO     OurEDA     > Save "玲珑井" in to file Success.

2018-09-24 14:36:57,778 INFO     OurEDA     > Save "通勤营救" in to file Success.

2018-09-24 14:36:57,778 INFO     OurEDA     > Save "昼颜（普通话）" in to file Success.

2018-09-24 14:36:57,778 INFO     OurEDA     > Save "初雪告白" in to file Success.

2018-09-24 14:36:57,778 INFO     OurEDA     > Save "功夫北鼻" in to file Success.

